c:\users\finest\desktop\gły!!!\wlasne\grykomputerowe_lab2\grykomputerowe_lab2\release\vc140.pdb
c:\users\finest\desktop\gły!!!\wlasne\grykomputerowe_lab2\grykomputerowe_lab2\release\vec3.obj
c:\users\finest\desktop\gły!!!\wlasne\grykomputerowe_lab2\grykomputerowe_lab2\release\bullet.obj
c:\users\finest\desktop\gły!!!\wlasne\grykomputerowe_lab2\grykomputerowe_lab2\release\texturemanager.obj
c:\users\finest\desktop\gły!!!\wlasne\grykomputerowe_lab2\grykomputerowe_lab2\release\sphere.obj
c:\users\finest\desktop\gły!!!\wlasne\grykomputerowe_lab2\grykomputerowe_lab2\release\skybox.obj
c:\users\finest\desktop\gły!!!\wlasne\grykomputerowe_lab2\grykomputerowe_lab2\release\sceneobject.obj
c:\users\finest\desktop\gły!!!\wlasne\grykomputerowe_lab2\grykomputerowe_lab2\release\scene.obj
c:\users\finest\desktop\gły!!!\wlasne\grykomputerowe_lab2\grykomputerowe_lab2\release\grykomputerowe_lab2.obj
c:\users\finest\desktop\gły!!!\wlasne\grykomputerowe_lab2\grykomputerowe_lab2\release\gejmer.obj
c:\users\finest\desktop\gły!!!\wlasne\grykomputerowe_lab2\grykomputerowe_lab2\release\enemy.obj
c:\users\finest\desktop\gły!!!\wlasne\grykomputerowe_lab2\grykomputerowe_lab2\release\createmyworld.obj
c:\users\finest\desktop\gły!!!\wlasne\grykomputerowe_lab2\release\grykomputerowe_lab2.exe
c:\users\finest\desktop\gły!!!\wlasne\grykomputerowe_lab2\release\grykomputerowe_lab2.ipdb
c:\users\finest\desktop\gły!!!\wlasne\grykomputerowe_lab2\release\grykomputerowe_lab2.iobj
c:\users\finest\desktop\gły!!!\wlasne\grykomputerowe_lab2\release\grykomputerowe_lab2.pdb
c:\users\finest\desktop\gły!!!\wlasne\grykomputerowe_lab2\grykomputerowe_lab2\release\grykompu.4d184e9a.tlog\cl.command.1.tlog
c:\users\finest\desktop\gły!!!\wlasne\grykomputerowe_lab2\grykomputerowe_lab2\release\grykompu.4d184e9a.tlog\cl.read.1.tlog
c:\users\finest\desktop\gły!!!\wlasne\grykomputerowe_lab2\grykomputerowe_lab2\release\grykompu.4d184e9a.tlog\cl.write.1.tlog
c:\users\finest\desktop\gły!!!\wlasne\grykomputerowe_lab2\grykomputerowe_lab2\release\grykompu.4d184e9a.tlog\link.command.1.tlog
c:\users\finest\desktop\gły!!!\wlasne\grykomputerowe_lab2\grykomputerowe_lab2\release\grykompu.4d184e9a.tlog\link.read.1.tlog
c:\users\finest\desktop\gły!!!\wlasne\grykomputerowe_lab2\grykomputerowe_lab2\release\grykompu.4d184e9a.tlog\link.write.1.tlog
